# JRE version: OpenJDK Runtime Environment (17.0.9) (build 17.0.9+0--11185874)
# Java VM: OpenJDK 64-Bit Server VM (17.0.9+0--11185874, mixed mode, tiered, compressed oops, compressed class ptrs, g1 gc, windows-amd64)
GC Precious Log:
 CPUs: 8 total, 8 available
 Memory: 7103M
 Large Page Support: Disabled
 NUMA Support: Disabled
 Compressed Oops: Enabled (32-bit)
 Heap Region Size: 1M
 Heap Min Capacity: 8M
 Heap Initial Capacity: 112M
 Heap Max Capacity: 2G
 Pre-touch: Disabled
 Parallel Workers: 8
 Concurrent Workers: 2
 Concurrent Refinement Workers: 8
 Periodic GC: Disabled
Heap:
 garbage-first heap   total 210944K, used 182027K [0x0000000080000000, 0x0000000100000000)
  region size 1024K, 28 young (28672K), 4 survivors (4096K)
 Metaspace       used 127710K, committed 128768K, reserved 1179648K
  class space    used 16959K, committed 17472K, reserved 1048576K
GC Heap History (20 events):
Event: 140.051 GC heap after
{Heap after GC invocations=60 (full 0):
 garbage-first heap   total 210944K, used 138323K [0x0000000080000000, 0x0000000100000000)
  region size 1024K, 4 young (4096K), 4 survivors (4096K)
 Metaspace       used 120225K, committed 121280K, reserved 1179648K
  class space    used 16250K, committed 16768K, reserved 1048576K
}
Event: 141.852 GC heap before
{Heap before GC invocations=60 (full 0):
 garbage-first heap   total 210944K, used 177235K [0x0000000080000000, 0x0000000100000000)
  region size 1024K, 43 young (44032K), 4 survivors (4096K)
 Metaspace       used 120890K, committed 121920K, reserved 1179648K
  class space    used 16317K, committed 16832K, reserved 1048576K
}
Event: 141.871 GC heap after
{Heap after GC invocations=61 (full 0):
 garbage-first heap   total 210944K, used 143360K [0x0000000080000000, 0x0000000100000000)
  region size 1024K, 6 young (6144K), 6 survivors (6144K)
 Metaspace       used 120890K, committed 121920K, reserved 1179648K
  class space    used 16317K, committed 16832K, reserved 1048576K
}
Event: 144.767 GC heap before
{Heap before GC invocations=61 (full 0):
 garbage-first heap   total 210944K, used 178176K [0x0000000080000000, 0x0000000100000000)
  region size 1024K, 41 young (41984K), 6 survivors (6144K)
 Metaspace       used 122745K, committed 123840K, reserved 1179648K
  class space    used 16520K, committed 17024K, reserved 1048576K
}
Event: 144.788 GC heap after
{Heap after GC invocations=62 (full 0):
 garbage-first heap   total 210944K, used 146527K [0x0000000080000000, 0x0000000100000000)
  region size 1024K, 3 young (3072K), 3 survivors (3072K)
 Metaspace       used 122745K, committed 123840K, reserved 1179648K
  class space    used 16520K, committed 17024K, reserved 1048576K
}
Event: 146.315 GC heap before
{Heap before GC invocations=62 (full 0):
 garbage-first heap   total 210944K, used 178271K [0x0000000080000000, 0x0000000100000000)
  region size 1024K, 35 young (35840K), 3 survivors (3072K)
 Metaspace       used 124852K, committed 125888K, reserved 1179648K
  class space    used 16713K, committed 17216K, reserved 1048576K
}
Event: 146.328 GC heap after
{Heap after GC invocations=63 (full 0):
 garbage-first heap   total 210944K, used 148092K [0x0000000080000000, 0x0000000100000000)
  region size 1024K, 2 young (2048K), 2 survivors (2048K)
 Metaspace       used 124852K, committed 125888K, reserved 1179648K
  class space    used 16713K, committed 17216K, reserved 1048576K
}
Event: 146.705 GC heap before
{Heap before GC invocations=63 (full 0):
 garbage-first heap   total 210944K, used 180860K [0x0000000080000000, 0x0000000100000000)
  region size 1024K, 34 young (34816K), 2 survivors (2048K)
 Metaspace       used 126337K, committed 127360K, reserved 1179648K
  class space    used 16863K, committed 17344K, reserved 1048576K
}
Event: 146.714 GC heap after
{Heap after GC invocations=64 (full 0):
 garbage-first heap   total 210944K, used 150113K [0x0000000080000000, 0x0000000100000000)
  region size 1024K, 4 young (4096K), 4 survivors (4096K)
 Metaspace       used 126337K, committed 127360K, reserved 1179648K
  class space    used 16863K, committed 17344K, reserved 1048576K
}
Event: 146.930 GC heap before
{Heap before GC invocations=64 (full 0):
 garbage-first heap   total 210944K, used 179809K [0x0000000080000000, 0x0000000100000000)
  region size 1024K, 34 young (34816K), 4 survivors (4096K)
 Metaspace       used 126799K, committed 127872K, reserved 1179648K
  class space    used 16899K, committed 17408K, reserved 1048576K
}
Event: 146.938 GC heap after
{Heap after GC invocations=65 (full 0):
 garbage-first heap   total 210944K, used 150471K [0x0000000080000000, 0x0000000100000000)
  region size 1024K, 3 young (3072K), 3 survivors (3072K)
 Metaspace       used 126799K, committed 127872K, reserved 1179648K
  class space    used 16899K, committed 17408K, reserved 1048576K
}
Event: 148.147 GC heap before
{Heap before GC invocations=65 (full 0):
 garbage-first heap   total 210944K, used 181191K [0x0000000080000000, 0x0000000100000000)
  region size 1024K, 34 young (34816K), 3 survivors (3072K)
 Metaspace       used 126944K, committed 128000K, reserved 1179648K
  class space    used 16912K, committed 17408K, reserved 1048576K
}
Event: 148.151 GC heap after
{Heap after GC invocations=66 (full 0):
 garbage-first heap   total 210944K, used 149506K [0x0000000080000000, 0x0000000100000000)
  region size 1024K, 2 young (2048K), 2 survivors (2048K)
 Metaspace       used 126944K, committed 128000K, reserved 1179648K
  class space    used 16912K, committed 17408K, reserved 1048576K
}
Event: 277.591 GC heap before
{Heap before GC invocations=66 (full 0):
 garbage-first heap   total 210944K, used 181250K [0x0000000080000000, 0x0000000100000000)
  region size 1024K, 34 young (34816K), 2 survivors (2048K)
 Metaspace       used 127366K, committed 128384K, reserved 1179648K
  class space    used 16946K, committed 17408K, reserved 1048576K
}
Event: 277.615 GC heap after
{Heap after GC invocations=67 (full 0):
 garbage-first heap   total 210944K, used 152013K [0x0000000080000000, 0x0000000100000000)
  region size 1024K, 5 young (5120K), 5 survivors (5120K)
 Metaspace       used 127366K, committed 128384K, reserved 1179648K
  class space    used 16946K, committed 17408K, reserved 1048576K
}
Event: 278.969 GC heap before
{Heap before GC invocations=67 (full 0):
 garbage-first heap   total 210944K, used 180685K [0x0000000080000000, 0x0000000100000000)
  region size 1024K, 34 young (34816K), 5 survivors (5120K)
 Metaspace       used 127557K, committed 128640K, reserved 1179648K
  class space    used 16952K, committed 17472K, reserved 1048576K
}
Event: 279.002 GC heap after
{Heap after GC invocations=68 (full 0):
 garbage-first heap   total 210944K, used 156024K [0x0000000080000000, 0x0000000100000000)
  region size 1024K, 5 young (5120K), 5 survivors (5120K)
 Metaspace       used 127557K, committed 128640K, reserved 1179648K
  class space    used 16952K, committed 17472K, reserved 1048576K
}
Event: 295.825 GC heap before
{Heap before GC invocations=68 (full 0):
 garbage-first heap   total 210944K, used 179576K [0x0000000080000000, 0x0000000100000000)
  region size 1024K, 29 young (29696K), 5 survivors (5120K)
 Metaspace       used 127652K, committed 128768K, reserved 1179648K
  class space    used 16957K, committed 17472K, reserved 1048576K
}
Event: 295.863 GC heap after
{Heap after GC invocations=69 (full 0):
 garbage-first heap   total 210944K, used 157451K [0x0000000080000000, 0x0000000100000000)
  region size 1024K, 2 young (2048K), 2 survivors (2048K)
 Metaspace       used 127652K, committed 128768K, reserved 1179648K
  class space    used 16957K, committed 17472K, reserved 1048576K
}
Event: 489.702 GC heap before
{Heap before GC invocations=69 (full 0):
 garbage-first heap   total 210944K, used 181003K [0x0000000080000000, 0x0000000100000000)
  region size 1024K, 26 young (26624K), 2 survivors (2048K)
 Metaspace       used 127710K, committed 128768K, reserved 1179648K
  class space    used 16959K, committed 17472K, reserved 1048576K
}

