# JRE version: OpenJDK Runtime Environment (17.0.9) (build 17.0.9+0--11185874)
# Java VM: OpenJDK 64-Bit Server VM (17.0.9+0--11185874, mixed mode, tiered, compressed oops, compressed class ptrs, g1 gc, windows-amd64)
GC Precious Log:
 CPUs: 8 total, 8 available
 Memory: 7103M
 Large Page Support: Disabled
 NUMA Support: Disabled
 Compressed Oops: Enabled (32-bit)
 Heap Region Size: 1M
 Heap Min Capacity: 8M
 Heap Initial Capacity: 112M
 Heap Max Capacity: 2G
 Pre-touch: Disabled
 Parallel Workers: 8
 Concurrent Workers: 2
 Concurrent Refinement Workers: 8
 Periodic GC: Disabled
Heap:
 garbage-first heap   total 372736K, used 296780K [0x0000000080000000, 0x0000000100000000)
  region size 1024K, 163 young (166912K), 17 survivors (17408K)
 Metaspace       used 140489K, committed 141376K, reserved 1179648K
  class space    used 19340K, committed 19776K, reserved 1048576K
GC Heap History (20 events):
Event: 63.875 GC heap after
{Heap after GC invocations=55 (full 0):
 garbage-first heap   total 372736K, used 124662K [0x0000000080000000, 0x0000000100000000)
  region size 1024K, 3 young (3072K), 3 survivors (3072K)
 Metaspace       used 122711K, committed 123392K, reserved 1179648K
  class space    used 17201K, committed 17536K, reserved 1048576K
}
Event: 64.801 GC heap before
{Heap before GC invocations=55 (full 0):
 garbage-first heap   total 372736K, used 314102K [0x0000000080000000, 0x0000000100000000)
  region size 1024K, 188 young (192512K), 3 survivors (3072K)
 Metaspace       used 123394K, committed 124160K, reserved 1179648K
  class space    used 17284K, committed 17664K, reserved 1048576K
}
Event: 64.807 GC heap after
{Heap after GC invocations=56 (full 0):
 garbage-first heap   total 372736K, used 123992K [0x0000000080000000, 0x0000000100000000)
  region size 1024K, 2 young (2048K), 2 survivors (2048K)
 Metaspace       used 123394K, committed 124160K, reserved 1179648K
  class space    used 17284K, committed 17664K, reserved 1048576K
}
Event: 65.729 GC heap before
{Heap before GC invocations=56 (full 0):
 garbage-first heap   total 372736K, used 318552K [0x0000000080000000, 0x0000000100000000)
  region size 1024K, 192 young (196608K), 2 survivors (2048K)
 Metaspace       used 123834K, committed 124608K, reserved 1179648K
  class space    used 17285K, committed 17664K, reserved 1048576K
}
Event: 65.737 GC heap after
{Heap after GC invocations=57 (full 0):
 garbage-first heap   total 372736K, used 124560K [0x0000000080000000, 0x0000000100000000)
  region size 1024K, 3 young (3072K), 3 survivors (3072K)
 Metaspace       used 123834K, committed 124608K, reserved 1179648K
  class space    used 17285K, committed 17664K, reserved 1048576K
}
Event: 66.556 GC heap before
{Heap before GC invocations=57 (full 0):
 garbage-first heap   total 372736K, used 321168K [0x0000000080000000, 0x0000000100000000)
  region size 1024K, 195 young (199680K), 3 survivors (3072K)
 Metaspace       used 124138K, committed 124864K, reserved 1179648K
  class space    used 17298K, committed 17664K, reserved 1048576K
}
Event: 66.566 GC heap after
{Heap after GC invocations=58 (full 0):
 garbage-first heap   total 372736K, used 126855K [0x0000000080000000, 0x0000000100000000)
  region size 1024K, 5 young (5120K), 5 survivors (5120K)
 Metaspace       used 124138K, committed 124864K, reserved 1179648K
  class space    used 17298K, committed 17664K, reserved 1048576K
}
Event: 66.661 GC heap before
{Heap before GC invocations=58 (full 0):
 garbage-first heap   total 372736K, used 142215K [0x0000000080000000, 0x0000000100000000)
  region size 1024K, 21 young (21504K), 5 survivors (5120K)
 Metaspace       used 124208K, committed 124928K, reserved 1179648K
  class space    used 17301K, committed 17664K, reserved 1048576K
}
Event: 66.675 GC heap after
{Heap after GC invocations=59 (full 0):
 garbage-first heap   total 372736K, used 127941K [0x0000000080000000, 0x0000000100000000)
  region size 1024K, 6 young (6144K), 6 survivors (6144K)
 Metaspace       used 124208K, committed 124928K, reserved 1179648K
  class space    used 17301K, committed 17664K, reserved 1048576K
}
Event: 68.917 GC heap before
{Heap before GC invocations=60 (full 0):
 garbage-first heap   total 372736K, used 308165K [0x0000000080000000, 0x0000000100000000)
  region size 1024K, 181 young (185344K), 6 survivors (6144K)
 Metaspace       used 124318K, committed 125056K, reserved 1179648K
  class space    used 17304K, committed 17664K, reserved 1048576K
}
Event: 68.927 GC heap after
{Heap after GC invocations=61 (full 0):
 garbage-first heap   total 372736K, used 125273K [0x0000000080000000, 0x0000000100000000)
  region size 1024K, 4 young (4096K), 4 survivors (4096K)
 Metaspace       used 124318K, committed 125056K, reserved 1179648K
  class space    used 17304K, committed 17664K, reserved 1048576K
}
Event: 69.049 GC heap before
{Heap before GC invocations=61 (full 0):
 garbage-first heap   total 372736K, used 139609K [0x0000000080000000, 0x0000000100000000)
  region size 1024K, 18 young (18432K), 4 survivors (4096K)
 Metaspace       used 124318K, committed 125056K, reserved 1179648K
  class space    used 17304K, committed 17664K, reserved 1048576K
}
Event: 69.067 GC heap after
{Heap after GC invocations=62 (full 0):
 garbage-first heap   total 372736K, used 123300K [0x0000000080000000, 0x0000000100000000)
  region size 1024K, 2 young (2048K), 2 survivors (2048K)
 Metaspace       used 124318K, committed 125056K, reserved 1179648K
  class space    used 17304K, committed 17664K, reserved 1048576K
}
Event: 71.775 GC heap before
{Heap before GC invocations=62 (full 0):
 garbage-first heap   total 372736K, used 314788K [0x0000000080000000, 0x0000000100000000)
  region size 1024K, 186 young (190464K), 2 survivors (2048K)
 Metaspace       used 126581K, committed 127360K, reserved 1179648K
  class space    used 17591K, committed 17984K, reserved 1048576K
}
Event: 71.801 GC heap after
{Heap after GC invocations=63 (full 0):
 garbage-first heap   total 372736K, used 136629K [0x0000000080000000, 0x0000000100000000)
  region size 1024K, 14 young (14336K), 14 survivors (14336K)
 Metaspace       used 126581K, committed 127360K, reserved 1179648K
  class space    used 17591K, committed 17984K, reserved 1048576K
}
Event: 73.280 GC heap before
{Heap before GC invocations=63 (full 0):
 garbage-first heap   total 372736K, used 250293K [0x0000000080000000, 0x0000000100000000)
  region size 1024K, 107 young (109568K), 14 survivors (14336K)
 Metaspace       used 128101K, committed 128896K, reserved 1179648K
  class space    used 17794K, committed 18176K, reserved 1048576K
}
Event: 73.291 GC heap after
{Heap after GC invocations=64 (full 0):
 garbage-first heap   total 372736K, used 126034K [0x0000000080000000, 0x0000000100000000)
  region size 1024K, 2 young (2048K), 2 survivors (2048K)
 Metaspace       used 128101K, committed 128896K, reserved 1179648K
  class space    used 17794K, committed 18176K, reserved 1048576K
}
Event: 80.009 GC heap before
{Heap before GC invocations=64 (full 0):
 garbage-first heap   total 372736K, used 246866K [0x0000000080000000, 0x0000000100000000)
  region size 1024K, 107 young (109568K), 2 survivors (2048K)
 Metaspace       used 137830K, committed 138624K, reserved 1179648K
  class space    used 19055K, committed 19456K, reserved 1048576K
}
Event: 80.026 GC heap after
{Heap after GC invocations=65 (full 0):
 garbage-first heap   total 372736K, used 135507K [0x0000000080000000, 0x0000000100000000)
  region size 1024K, 7 young (7168K), 7 survivors (7168K)
 Metaspace       used 137830K, committed 138624K, reserved 1179648K
  class space    used 19055K, committed 19456K, reserved 1048576K
}
Event: 789.975 GC heap before
{Heap before GC invocations=65 (full 0):
 garbage-first heap   total 372736K, used 295251K [0x0000000080000000, 0x0000000100000000)
  region size 1024K, 153 young (156672K), 7 survivors (7168K)
 Metaspace       used 140489K, committed 141376K, reserved 1179648K
  class space    used 19340K, committed 19776K, reserved 1048576K
}

