# JRE version: OpenJDK Runtime Environment (17.0.9) (build 17.0.9+0--11185874)
# Java VM: OpenJDK 64-Bit Server VM (17.0.9+0--11185874, mixed mode, tiered, compressed oops, compressed class ptrs, g1 gc, windows-amd64)
GC Precious Log:
 CPUs: 8 total, 8 available
 Memory: 7103M
 Large Page Support: Disabled
 NUMA Support: Disabled
 Compressed Oops: Enabled (32-bit)
 Heap Region Size: 1M
 Heap Min Capacity: 8M
 Heap Initial Capacity: 112M
 Heap Max Capacity: 2G
 Pre-touch: Disabled
 Parallel Workers: 8
 Concurrent Workers: 2
 Concurrent Refinement Workers: 8
 Periodic GC: Disabled
Heap:
 garbage-first heap   total 315392K, used 255346K [0x0000000080000000, 0x0000000100000000)
  region size 1024K, 22 young (22528K), 3 survivors (3072K)
 Metaspace       used 145397K, committed 146816K, reserved 1179648K
  class space    used 19197K, committed 19904K, reserved 1048576K
GC Heap History (20 events):
Event: 4196.377 GC heap before
{Heap before GC invocations=86 (full 0):
 garbage-first heap   total 262144K, used 224057K [0x0000000080000000, 0x0000000100000000)
  region size 1024K, 29 young (29696K), 1 survivors (1024K)
 Metaspace       used 144015K, committed 145344K, reserved 1179648K
  class space    used 19109K, committed 19712K, reserved 1048576K
}
Event: 4196.414 GC heap after
{Heap after GC invocations=87 (full 0):
 garbage-first heap   total 262144K, used 200641K [0x0000000080000000, 0x0000000100000000)
  region size 1024K, 4 young (4096K), 4 survivors (4096K)
 Metaspace       used 144015K, committed 145344K, reserved 1179648K
  class space    used 19109K, committed 19712K, reserved 1048576K
}
Event: 4197.500 GC heap before
{Heap before GC invocations=87 (full 0):
 garbage-first heap   total 262144K, used 224193K [0x0000000080000000, 0x0000000100000000)
  region size 1024K, 28 young (28672K), 4 survivors (4096K)
 Metaspace       used 144078K, committed 145408K, reserved 1179648K
  class space    used 19109K, committed 19712K, reserved 1048576K
}
Event: 4197.525 GC heap after
{Heap after GC invocations=88 (full 0):
 garbage-first heap   total 262144K, used 204183K [0x0000000080000000, 0x0000000100000000)
  region size 1024K, 4 young (4096K), 4 survivors (4096K)
 Metaspace       used 144078K, committed 145408K, reserved 1179648K
  class space    used 19109K, committed 19712K, reserved 1048576K
}
Event: 4227.764 GC heap before
{Heap before GC invocations=88 (full 0):
 garbage-first heap   total 262144K, used 224663K [0x0000000080000000, 0x0000000100000000)
  region size 1024K, 25 young (25600K), 4 survivors (4096K)
 Metaspace       used 144438K, committed 145856K, reserved 1179648K
  class space    used 19174K, committed 19840K, reserved 1048576K
}
Event: 4227.785 GC heap after
{Heap after GC invocations=89 (full 0):
 garbage-first heap   total 315392K, used 205037K [0x0000000080000000, 0x0000000100000000)
  region size 1024K, 2 young (2048K), 2 survivors (2048K)
 Metaspace       used 144438K, committed 145856K, reserved 1179648K
  class space    used 19174K, committed 19840K, reserved 1048576K
}
Event: 4298.331 GC heap before
{Heap before GC invocations=89 (full 0):
 garbage-first heap   total 315392K, used 261357K [0x0000000080000000, 0x0000000100000000)
  region size 1024K, 58 young (59392K), 2 survivors (2048K)
 Metaspace       used 144569K, committed 145984K, reserved 1179648K
  class space    used 19174K, committed 19840K, reserved 1048576K
}
Event: 4298.338 GC heap after
{Heap after GC invocations=90 (full 0):
 garbage-first heap   total 315392K, used 204357K [0x0000000080000000, 0x0000000100000000)
  region size 1024K, 2 young (2048K), 2 survivors (2048K)
 Metaspace       used 144569K, committed 145984K, reserved 1179648K
  class space    used 19174K, committed 19840K, reserved 1048576K
}
Event: 4952.495 GC heap before
{Heap before GC invocations=90 (full 0):
 garbage-first heap   total 315392K, used 263749K [0x0000000080000000, 0x0000000100000000)
  region size 1024K, 61 young (62464K), 2 survivors (2048K)
 Metaspace       used 144639K, committed 145984K, reserved 1179648K
  class space    used 19174K, committed 19840K, reserved 1048576K
}
Event: 4952.550 GC heap after
{Heap after GC invocations=91 (full 0):
 garbage-first heap   total 315392K, used 210568K [0x0000000080000000, 0x0000000100000000)
  region size 1024K, 8 young (8192K), 8 survivors (8192K)
 Metaspace       used 144639K, committed 145984K, reserved 1179648K
  class space    used 19174K, committed 19840K, reserved 1048576K
}
Event: 4954.928 GC heap before
{Heap before GC invocations=91 (full 0):
 garbage-first heap   total 315392K, used 266888K [0x0000000080000000, 0x0000000100000000)
  region size 1024K, 62 young (63488K), 8 survivors (8192K)
 Metaspace       used 144777K, committed 146112K, reserved 1179648K
  class space    used 19174K, committed 19840K, reserved 1048576K
}
Event: 4955.013 GC heap after
{Heap after GC invocations=92 (full 0):
 garbage-first heap   total 315392K, used 214067K [0x0000000080000000, 0x0000000100000000)
  region size 1024K, 2 young (2048K), 2 survivors (2048K)
 Metaspace       used 144777K, committed 146112K, reserved 1179648K
  class space    used 19174K, committed 19840K, reserved 1048576K
}
Event: 4956.314 GC heap before
{Heap before GC invocations=92 (full 0):
 garbage-first heap   total 315392K, used 267315K [0x0000000080000000, 0x0000000100000000)
  region size 1024K, 55 young (56320K), 2 survivors (2048K)
 Metaspace       used 145125K, committed 146496K, reserved 1179648K
  class space    used 19196K, committed 19840K, reserved 1048576K
}
Event: 4956.326 GC heap after
{Heap after GC invocations=93 (full 0):
 garbage-first heap   total 315392K, used 213573K [0x0000000080000000, 0x0000000100000000)
  region size 1024K, 4 young (4096K), 4 survivors (4096K)
 Metaspace       used 145125K, committed 146496K, reserved 1179648K
  class space    used 19196K, committed 19840K, reserved 1048576K
}
Event: 5247.759 GC heap before
{Heap before GC invocations=93 (full 0):
 garbage-first heap   total 315392K, used 280133K [0x0000000080000000, 0x0000000100000000)
  region size 1024K, 58 young (59392K), 4 survivors (4096K)
 Metaspace       used 145291K, committed 146624K, reserved 1179648K
  class space    used 19196K, committed 19840K, reserved 1048576K
}
Event: 5247.895 GC heap after
{Heap after GC invocations=94 (full 0):
 garbage-first heap   total 315392K, used 215280K [0x0000000080000000, 0x0000000100000000)
  region size 1024K, 5 young (5120K), 5 survivors (5120K)
 Metaspace       used 145291K, committed 146624K, reserved 1179648K
  class space    used 19196K, committed 19840K, reserved 1048576K
}
Event: 5249.928 GC heap before
{Heap before GC invocations=94 (full 0):
 garbage-first heap   total 315392K, used 278768K [0x0000000080000000, 0x0000000100000000)
  region size 1024K, 58 young (59392K), 5 survivors (5120K)
 Metaspace       used 145337K, committed 146752K, reserved 1179648K
  class space    used 19197K, committed 19904K, reserved 1048576K
}
Event: 5250.089 GC heap after
{Heap after GC invocations=95 (full 0):
 garbage-first heap   total 315392K, used 235732K [0x0000000080000000, 0x0000000100000000)
  region size 1024K, 8 young (8192K), 8 survivors (8192K)
 Metaspace       used 145337K, committed 146752K, reserved 1179648K
  class space    used 19197K, committed 19904K, reserved 1048576K
}
Event: 5250.863 GC heap before
{Heap before GC invocations=95 (full 0):
 garbage-first heap   total 315392K, used 278740K [0x0000000080000000, 0x0000000100000000)
  region size 1024K, 36 young (36864K), 8 survivors (8192K)
 Metaspace       used 145350K, committed 146752K, reserved 1179648K
  class space    used 19197K, committed 19904K, reserved 1048576K
}
Event: 5250.925 GC heap after
{Heap after GC invocations=96 (full 0):
 garbage-first heap   total 315392K, used 237938K [0x0000000080000000, 0x0000000100000000)
  region size 1024K, 3 young (3072K), 3 survivors (3072K)
 Metaspace       used 145350K, committed 146752K, reserved 1179648K
  class space    used 19197K, committed 19904K, reserved 1048576K
}

